2022-03-04 13:09:30,034 - ************************************************************** 
2022-03-04 13:09:30,034 - Starting Jakarta Velocity v1.4
2022-03-04 13:09:30,034 - RuntimeInstance initializing.
2022-03-04 13:09:30,034 - Default Properties File: org\apache\velocity\runtime\defaults\velocity.properties
2022-03-04 13:09:30,034 - Trying to use logger class org.apache.velocity.runtime.log.SimpleLog4JLogSystem
2022-03-04 13:09:30,034 - Using logger class org.apache.velocity.runtime.log.SimpleLog4JLogSystem
2022-03-04 13:09:30,037 - Default ResourceManager initializing. (class org.apache.velocity.runtime.resource.ResourceManagerImpl)
2022-03-04 13:09:30,038 - Resource Loader Instantiated: org.apache.velocity.runtime.resource.loader.ClasspathResourceLoader
2022-03-04 13:09:30,039 - ClasspathResourceLoader : initialization starting.
2022-03-04 13:09:30,039 - ClasspathResourceLoader : initialization complete.
2022-03-04 13:09:30,040 - ResourceCache : initialized. (class org.apache.velocity.runtime.resource.ResourceCacheImpl)
2022-03-04 13:09:30,040 - Default ResourceManager initialization complete.
2022-03-04 13:09:30,042 - Loaded System Directive: org.apache.velocity.runtime.directive.Literal
2022-03-04 13:09:30,042 - Loaded System Directive: org.apache.velocity.runtime.directive.Macro
2022-03-04 13:09:30,042 - Loaded System Directive: org.apache.velocity.runtime.directive.Parse
2022-03-04 13:09:30,045 - Loaded System Directive: org.apache.velocity.runtime.directive.Include
2022-03-04 13:09:30,046 - Loaded System Directive: org.apache.velocity.runtime.directive.Foreach
2022-03-04 13:09:30,064 - Created: 20 parsers.
2022-03-04 13:09:30,067 - Velocimacro : initialization starting.
2022-03-04 13:09:30,067 - Velocimacro : adding VMs from VM library template : VM_global_library.vm
2022-03-04 13:09:30,071 - ResourceManager : unable to find resource 'VM_global_library.vm' in any resource loader.
2022-03-04 13:09:30,071 - Velocimacro : error using  VM library template VM_global_library.vm : org.apache.velocity.exception.ResourceNotFoundException: Unable to find resource 'VM_global_library.vm'
2022-03-04 13:09:30,071 - Velocimacro :  VM library template macro registration complete.
2022-03-04 13:09:30,072 - Velocimacro : allowInline = true : VMs can be defined inline in templates
2022-03-04 13:09:30,072 - Velocimacro : allowInlineToOverride = false : VMs defined inline may NOT replace previous VM definitions
2022-03-04 13:09:30,072 - Velocimacro : allowInlineLocal = false : VMs defined inline will be  global in scope if allowed.
2022-03-04 13:09:30,072 - Velocimacro : messages on  : VM system will output logging messages
2022-03-04 13:09:30,072 - Velocimacro : autoload off  : VM system will not automatically reload global library macros
2022-03-04 13:09:30,072 - Velocimacro : initialization complete.
2022-03-04 13:09:30,072 - Velocity successfully started.
2022-03-04 13:22:11,736 - SimpleLog4JLogSystem initialized using logfile 'velocity.log'
2022-03-04 13:22:11,736 - ************************************************************** 
2022-03-04 13:22:11,736 - Starting Jakarta Velocity v1.4
2022-03-04 13:22:11,736 - RuntimeInstance initializing.
2022-03-04 13:22:11,736 - Default Properties File: org\apache\velocity\runtime\defaults\velocity.properties
2022-03-04 13:22:11,736 - Trying to use logger class org.apache.velocity.runtime.log.SimpleLog4JLogSystem
2022-03-04 13:22:11,736 - Using logger class org.apache.velocity.runtime.log.SimpleLog4JLogSystem
2022-03-04 13:22:11,736 - Default ResourceManager initializing. (class org.apache.velocity.runtime.resource.ResourceManagerImpl)
2022-03-04 13:22:11,736 - Resource Loader Instantiated: org.apache.velocity.runtime.resource.loader.ClasspathResourceLoader
2022-03-04 13:22:11,736 - ClasspathResourceLoader : initialization starting.
2022-03-04 13:22:11,736 - ClasspathResourceLoader : initialization complete.
2022-03-04 13:22:11,736 - ResourceCache : initialized. (class org.apache.velocity.runtime.resource.ResourceCacheImpl)
2022-03-04 13:22:11,736 - Default ResourceManager initialization complete.
2022-03-04 13:22:11,736 - Loaded System Directive: org.apache.velocity.runtime.directive.Literal
2022-03-04 13:22:11,736 - Loaded System Directive: org.apache.velocity.runtime.directive.Macro
2022-03-04 13:22:11,736 - Loaded System Directive: org.apache.velocity.runtime.directive.Parse
2022-03-04 13:22:11,736 - Loaded System Directive: org.apache.velocity.runtime.directive.Include
2022-03-04 13:22:11,736 - Loaded System Directive: org.apache.velocity.runtime.directive.Foreach
2022-03-04 13:22:11,751 - Created: 20 parsers.
2022-03-04 13:22:11,767 - Velocimacro : initialization starting.
2022-03-04 13:22:11,767 - Velocimacro : adding VMs from VM library template : VM_global_library.vm
2022-03-04 13:22:11,767 - ResourceManager : unable to find resource 'VM_global_library.vm' in any resource loader.
2022-03-04 13:22:11,767 - Velocimacro : error using  VM library template VM_global_library.vm : org.apache.velocity.exception.ResourceNotFoundException: Unable to find resource 'VM_global_library.vm'
2022-03-04 13:22:11,767 - Velocimacro :  VM library template macro registration complete.
2022-03-04 13:22:11,767 - Velocimacro : allowInline = true : VMs can be defined inline in templates
2022-03-04 13:22:11,767 - Velocimacro : allowInlineToOverride = false : VMs defined inline may NOT replace previous VM definitions
2022-03-04 13:22:11,767 - Velocimacro : allowInlineLocal = false : VMs defined inline will be  global in scope if allowed.
2022-03-04 13:22:11,767 - Velocimacro : messages on  : VM system will output logging messages
2022-03-04 13:22:11,767 - Velocimacro : autoload off  : VM system will not automatically reload global library macros
2022-03-04 13:22:11,767 - Velocimacro : initialization complete.
2022-03-04 13:22:11,767 - Velocity successfully started.
2022-03-04 13:29:06,245 - SimpleLog4JLogSystem initialized using logfile 'velocity.log'
2022-03-04 13:29:06,245 - ************************************************************** 
2022-03-04 13:29:06,245 - Starting Jakarta Velocity v1.4
2022-03-04 13:29:06,245 - RuntimeInstance initializing.
2022-03-04 13:29:06,245 - Default Properties File: org\apache\velocity\runtime\defaults\velocity.properties
2022-03-04 13:29:06,245 - Trying to use logger class org.apache.velocity.runtime.log.SimpleLog4JLogSystem
2022-03-04 13:29:06,245 - Using logger class org.apache.velocity.runtime.log.SimpleLog4JLogSystem
2022-03-04 13:29:06,245 - Default ResourceManager initializing. (class org.apache.velocity.runtime.resource.ResourceManagerImpl)
2022-03-04 13:29:06,245 - Resource Loader Instantiated: org.apache.velocity.runtime.resource.loader.ClasspathResourceLoader
2022-03-04 13:29:06,245 - ClasspathResourceLoader : initialization starting.
2022-03-04 13:29:06,245 - ClasspathResourceLoader : initialization complete.
2022-03-04 13:29:06,245 - ResourceCache : initialized. (class org.apache.velocity.runtime.resource.ResourceCacheImpl)
2022-03-04 13:29:06,245 - Default ResourceManager initialization complete.
2022-03-04 13:29:06,245 - Loaded System Directive: org.apache.velocity.runtime.directive.Literal
2022-03-04 13:29:06,245 - Loaded System Directive: org.apache.velocity.runtime.directive.Macro
2022-03-04 13:29:06,245 - Loaded System Directive: org.apache.velocity.runtime.directive.Parse
2022-03-04 13:29:06,245 - Loaded System Directive: org.apache.velocity.runtime.directive.Include
2022-03-04 13:29:06,245 - Loaded System Directive: org.apache.velocity.runtime.directive.Foreach
2022-03-04 13:29:06,261 - Created: 20 parsers.
2022-03-04 13:29:06,276 - Velocimacro : initialization starting.
2022-03-04 13:29:06,276 - Velocimacro : adding VMs from VM library template : VM_global_library.vm
2022-03-04 13:29:06,279 - ResourceManager : unable to find resource 'VM_global_library.vm' in any resource loader.
2022-03-04 13:29:06,279 - Velocimacro : error using  VM library template VM_global_library.vm : org.apache.velocity.exception.ResourceNotFoundException: Unable to find resource 'VM_global_library.vm'
2022-03-04 13:29:06,279 - Velocimacro :  VM library template macro registration complete.
2022-03-04 13:29:06,279 - Velocimacro : allowInline = true : VMs can be defined inline in templates
2022-03-04 13:29:06,279 - Velocimacro : allowInlineToOverride = false : VMs defined inline may NOT replace previous VM definitions
2022-03-04 13:29:06,279 - Velocimacro : allowInlineLocal = false : VMs defined inline will be  global in scope if allowed.
2022-03-04 13:29:06,279 - Velocimacro : messages on  : VM system will output logging messages
2022-03-04 13:29:06,279 - Velocimacro : autoload off  : VM system will not automatically reload global library macros
2022-03-04 13:29:06,279 - Velocimacro : initialization complete.
2022-03-04 13:29:06,279 - Velocity successfully started.
2022-03-04 13:36:25,879 - SimpleLog4JLogSystem initialized using logfile 'velocity.log'
2022-03-04 13:36:25,879 - ************************************************************** 
2022-03-04 13:36:25,879 - Starting Jakarta Velocity v1.4
2022-03-04 13:36:25,879 - RuntimeInstance initializing.
2022-03-04 13:36:25,879 - Default Properties File: org\apache\velocity\runtime\defaults\velocity.properties
2022-03-04 13:36:25,879 - Trying to use logger class org.apache.velocity.runtime.log.SimpleLog4JLogSystem
2022-03-04 13:36:25,879 - Using logger class org.apache.velocity.runtime.log.SimpleLog4JLogSystem
2022-03-04 13:36:25,894 - Default ResourceManager initializing. (class org.apache.velocity.runtime.resource.ResourceManagerImpl)
2022-03-04 13:36:25,894 - Resource Loader Instantiated: org.apache.velocity.runtime.resource.loader.ClasspathResourceLoader
2022-03-04 13:36:25,894 - ClasspathResourceLoader : initialization starting.
2022-03-04 13:36:25,894 - ClasspathResourceLoader : initialization complete.
2022-03-04 13:36:25,894 - ResourceCache : initialized. (class org.apache.velocity.runtime.resource.ResourceCacheImpl)
2022-03-04 13:36:25,894 - Default ResourceManager initialization complete.
2022-03-04 13:36:25,894 - Loaded System Directive: org.apache.velocity.runtime.directive.Literal
2022-03-04 13:36:25,894 - Loaded System Directive: org.apache.velocity.runtime.directive.Macro
2022-03-04 13:36:25,894 - Loaded System Directive: org.apache.velocity.runtime.directive.Parse
2022-03-04 13:36:25,894 - Loaded System Directive: org.apache.velocity.runtime.directive.Include
2022-03-04 13:36:25,894 - Loaded System Directive: org.apache.velocity.runtime.directive.Foreach
2022-03-04 13:36:25,910 - Created: 20 parsers.
2022-03-04 13:36:25,926 - Velocimacro : initialization starting.
2022-03-04 13:36:25,926 - Velocimacro : adding VMs from VM library template : VM_global_library.vm
2022-03-04 13:36:25,926 - ResourceManager : unable to find resource 'VM_global_library.vm' in any resource loader.
2022-03-04 13:36:25,926 - Velocimacro : error using  VM library template VM_global_library.vm : org.apache.velocity.exception.ResourceNotFoundException: Unable to find resource 'VM_global_library.vm'
2022-03-04 13:36:25,926 - Velocimacro :  VM library template macro registration complete.
2022-03-04 13:36:25,926 - Velocimacro : allowInline = true : VMs can be defined inline in templates
2022-03-04 13:36:25,926 - Velocimacro : allowInlineToOverride = false : VMs defined inline may NOT replace previous VM definitions
2022-03-04 13:36:25,926 - Velocimacro : allowInlineLocal = false : VMs defined inline will be  global in scope if allowed.
2022-03-04 13:36:25,926 - Velocimacro : messages on  : VM system will output logging messages
2022-03-04 13:36:25,926 - Velocimacro : autoload off  : VM system will not automatically reload global library macros
2022-03-04 13:36:25,926 - Velocimacro : initialization complete.
2022-03-04 13:36:25,926 - Velocity successfully started.
2022-03-04 13:44:20,215 - SimpleLog4JLogSystem initialized using logfile 'velocity.log'
2022-03-04 13:44:20,215 - ************************************************************** 
2022-03-04 13:44:20,215 - Starting Jakarta Velocity v1.4
2022-03-04 13:44:20,215 - RuntimeInstance initializing.
2022-03-04 13:44:20,215 - Default Properties File: org\apache\velocity\runtime\defaults\velocity.properties
2022-03-04 13:44:20,215 - Trying to use logger class org.apache.velocity.runtime.log.SimpleLog4JLogSystem
2022-03-04 13:44:20,215 - Using logger class org.apache.velocity.runtime.log.SimpleLog4JLogSystem
2022-03-04 13:44:20,230 - Default ResourceManager initializing. (class org.apache.velocity.runtime.resource.ResourceManagerImpl)
2022-03-04 13:44:20,230 - Resource Loader Instantiated: org.apache.velocity.runtime.resource.loader.ClasspathResourceLoader
2022-03-04 13:44:20,230 - ClasspathResourceLoader : initialization starting.
2022-03-04 13:44:20,230 - ClasspathResourceLoader : initialization complete.
2022-03-04 13:44:20,230 - ResourceCache : initialized. (class org.apache.velocity.runtime.resource.ResourceCacheImpl)
2022-03-04 13:44:20,230 - Default ResourceManager initialization complete.
2022-03-04 13:44:20,230 - Loaded System Directive: org.apache.velocity.runtime.directive.Literal
2022-03-04 13:44:20,230 - Loaded System Directive: org.apache.velocity.runtime.directive.Macro
2022-03-04 13:44:20,247 - Loaded System Directive: org.apache.velocity.runtime.directive.Parse
2022-03-04 13:44:20,247 - Loaded System Directive: org.apache.velocity.runtime.directive.Include
2022-03-04 13:44:20,247 - Loaded System Directive: org.apache.velocity.runtime.directive.Foreach
2022-03-04 13:44:20,277 - Created: 20 parsers.
2022-03-04 13:44:20,277 - Velocimacro : initialization starting.
2022-03-04 13:44:20,277 - Velocimacro : adding VMs from VM library template : VM_global_library.vm
2022-03-04 13:44:20,277 - ResourceManager : unable to find resource 'VM_global_library.vm' in any resource loader.
2022-03-04 13:44:20,277 - Velocimacro : error using  VM library template VM_global_library.vm : org.apache.velocity.exception.ResourceNotFoundException: Unable to find resource 'VM_global_library.vm'
2022-03-04 13:44:20,277 - Velocimacro :  VM library template macro registration complete.
2022-03-04 13:44:20,277 - Velocimacro : allowInline = true : VMs can be defined inline in templates
2022-03-04 13:44:20,277 - Velocimacro : allowInlineToOverride = false : VMs defined inline may NOT replace previous VM definitions
2022-03-04 13:44:20,277 - Velocimacro : allowInlineLocal = false : VMs defined inline will be  global in scope if allowed.
2022-03-04 13:44:20,277 - Velocimacro : messages on  : VM system will output logging messages
2022-03-04 13:44:20,277 - Velocimacro : autoload off  : VM system will not automatically reload global library macros
2022-03-04 13:44:20,277 - Velocimacro : initialization complete.
2022-03-04 13:44:20,277 - Velocity successfully started.
2022-03-04 13:51:21,338 - SimpleLog4JLogSystem initialized using logfile 'velocity.log'
2022-03-04 13:51:21,338 - ************************************************************** 
2022-03-04 13:51:21,338 - Starting Jakarta Velocity v1.4
2022-03-04 13:51:21,338 - RuntimeInstance initializing.
2022-03-04 13:51:21,338 - Default Properties File: org\apache\velocity\runtime\defaults\velocity.properties
2022-03-04 13:51:21,338 - Trying to use logger class org.apache.velocity.runtime.log.SimpleLog4JLogSystem
2022-03-04 13:51:21,338 - Using logger class org.apache.velocity.runtime.log.SimpleLog4JLogSystem
2022-03-04 13:51:21,338 - Default ResourceManager initializing. (class org.apache.velocity.runtime.resource.ResourceManagerImpl)
2022-03-04 13:51:21,338 - Resource Loader Instantiated: org.apache.velocity.runtime.resource.loader.ClasspathResourceLoader
2022-03-04 13:51:21,338 - ClasspathResourceLoader : initialization starting.
2022-03-04 13:51:21,338 - ClasspathResourceLoader : initialization complete.
2022-03-04 13:51:21,338 - ResourceCache : initialized. (class org.apache.velocity.runtime.resource.ResourceCacheImpl)
2022-03-04 13:51:21,338 - Default ResourceManager initialization complete.
2022-03-04 13:51:21,338 - Loaded System Directive: org.apache.velocity.runtime.directive.Literal
2022-03-04 13:51:21,338 - Loaded System Directive: org.apache.velocity.runtime.directive.Macro
2022-03-04 13:51:21,338 - Loaded System Directive: org.apache.velocity.runtime.directive.Parse
2022-03-04 13:51:21,338 - Loaded System Directive: org.apache.velocity.runtime.directive.Include
2022-03-04 13:51:21,338 - Loaded System Directive: org.apache.velocity.runtime.directive.Foreach
2022-03-04 13:51:21,353 - Created: 20 parsers.
2022-03-04 13:51:21,369 - Velocimacro : initialization starting.
2022-03-04 13:51:21,369 - Velocimacro : adding VMs from VM library template : VM_global_library.vm
2022-03-04 13:51:21,369 - ResourceManager : unable to find resource 'VM_global_library.vm' in any resource loader.
2022-03-04 13:51:21,369 - Velocimacro : error using  VM library template VM_global_library.vm : org.apache.velocity.exception.ResourceNotFoundException: Unable to find resource 'VM_global_library.vm'
2022-03-04 13:51:21,369 - Velocimacro :  VM library template macro registration complete.
2022-03-04 13:51:21,369 - Velocimacro : allowInline = true : VMs can be defined inline in templates
2022-03-04 13:51:21,369 - Velocimacro : allowInlineToOverride = false : VMs defined inline may NOT replace previous VM definitions
2022-03-04 13:51:21,369 - Velocimacro : allowInlineLocal = false : VMs defined inline will be  global in scope if allowed.
2022-03-04 13:51:21,369 - Velocimacro : messages on  : VM system will output logging messages
2022-03-04 13:51:21,369 - Velocimacro : autoload off  : VM system will not automatically reload global library macros
2022-03-04 13:51:21,369 - Velocimacro : initialization complete.
2022-03-04 13:51:21,369 - Velocity successfully started.
2022-03-04 13:58:37,280 - SimpleLog4JLogSystem initialized using logfile 'velocity.log'
2022-03-04 13:58:37,280 - ************************************************************** 
2022-03-04 13:58:37,280 - Starting Jakarta Velocity v1.4
2022-03-04 13:58:37,280 - RuntimeInstance initializing.
2022-03-04 13:58:37,280 - Default Properties File: org\apache\velocity\runtime\defaults\velocity.properties
2022-03-04 13:58:37,280 - Trying to use logger class org.apache.velocity.runtime.log.SimpleLog4JLogSystem
2022-03-04 13:58:37,280 - Using logger class org.apache.velocity.runtime.log.SimpleLog4JLogSystem
2022-03-04 13:58:37,280 - Default ResourceManager initializing. (class org.apache.velocity.runtime.resource.ResourceManagerImpl)
2022-03-04 13:58:37,280 - Resource Loader Instantiated: org.apache.velocity.runtime.resource.loader.ClasspathResourceLoader
2022-03-04 13:58:37,280 - ClasspathResourceLoader : initialization starting.
2022-03-04 13:58:37,280 - ClasspathResourceLoader : initialization complete.
2022-03-04 13:58:37,296 - ResourceCache : initialized. (class org.apache.velocity.runtime.resource.ResourceCacheImpl)
2022-03-04 13:58:37,296 - Default ResourceManager initialization complete.
2022-03-04 13:58:37,296 - Loaded System Directive: org.apache.velocity.runtime.directive.Literal
2022-03-04 13:58:37,296 - Loaded System Directive: org.apache.velocity.runtime.directive.Macro
2022-03-04 13:58:37,296 - Loaded System Directive: org.apache.velocity.runtime.directive.Parse
2022-03-04 13:58:37,296 - Loaded System Directive: org.apache.velocity.runtime.directive.Include
2022-03-04 13:58:37,296 - Loaded System Directive: org.apache.velocity.runtime.directive.Foreach
2022-03-04 13:58:37,311 - Created: 20 parsers.
2022-03-04 13:58:37,311 - Velocimacro : initialization starting.
2022-03-04 13:58:37,311 - Velocimacro : adding VMs from VM library template : VM_global_library.vm
2022-03-04 13:58:37,311 - ResourceManager : unable to find resource 'VM_global_library.vm' in any resource loader.
2022-03-04 13:58:37,311 - Velocimacro : error using  VM library template VM_global_library.vm : org.apache.velocity.exception.ResourceNotFoundException: Unable to find resource 'VM_global_library.vm'
2022-03-04 13:58:37,311 - Velocimacro :  VM library template macro registration complete.
2022-03-04 13:58:37,311 - Velocimacro : allowInline = true : VMs can be defined inline in templates
2022-03-04 13:58:37,311 - Velocimacro : allowInlineToOverride = false : VMs defined inline may NOT replace previous VM definitions
2022-03-04 13:58:37,311 - Velocimacro : allowInlineLocal = false : VMs defined inline will be  global in scope if allowed.
2022-03-04 13:58:37,311 - Velocimacro : messages on  : VM system will output logging messages
2022-03-04 13:58:37,311 - Velocimacro : autoload off  : VM system will not automatically reload global library macros
2022-03-04 13:58:37,311 - Velocimacro : initialization complete.
2022-03-04 13:58:37,311 - Velocity successfully started.
2022-03-04 14:05:33,668 - SimpleLog4JLogSystem initialized using logfile 'velocity.log'
2022-03-04 14:05:33,668 - ************************************************************** 
2022-03-04 14:05:33,668 - Starting Jakarta Velocity v1.4
2022-03-04 14:05:33,668 - RuntimeInstance initializing.
2022-03-04 14:05:33,668 - Default Properties File: org\apache\velocity\runtime\defaults\velocity.properties
2022-03-04 14:05:33,668 - Trying to use logger class org.apache.velocity.runtime.log.SimpleLog4JLogSystem
2022-03-04 14:05:33,668 - Using logger class org.apache.velocity.runtime.log.SimpleLog4JLogSystem
2022-03-04 14:05:33,668 - Default ResourceManager initializing. (class org.apache.velocity.runtime.resource.ResourceManagerImpl)
2022-03-04 14:05:33,668 - Resource Loader Instantiated: org.apache.velocity.runtime.resource.loader.ClasspathResourceLoader
2022-03-04 14:05:33,668 - ClasspathResourceLoader : initialization starting.
2022-03-04 14:05:33,668 - ClasspathResourceLoader : initialization complete.
2022-03-04 14:05:33,668 - ResourceCache : initialized. (class org.apache.velocity.runtime.resource.ResourceCacheImpl)
2022-03-04 14:05:33,668 - Default ResourceManager initialization complete.
2022-03-04 14:05:33,668 - Loaded System Directive: org.apache.velocity.runtime.directive.Literal
2022-03-04 14:05:33,668 - Loaded System Directive: org.apache.velocity.runtime.directive.Macro
2022-03-04 14:05:33,683 - Loaded System Directive: org.apache.velocity.runtime.directive.Parse
2022-03-04 14:05:33,683 - Loaded System Directive: org.apache.velocity.runtime.directive.Include
2022-03-04 14:05:33,683 - Loaded System Directive: org.apache.velocity.runtime.directive.Foreach
2022-03-04 14:05:33,699 - Created: 20 parsers.
2022-03-04 14:05:33,699 - Velocimacro : initialization starting.
2022-03-04 14:05:33,699 - Velocimacro : adding VMs from VM library template : VM_global_library.vm
2022-03-04 14:05:33,699 - ResourceManager : unable to find resource 'VM_global_library.vm' in any resource loader.
2022-03-04 14:05:33,699 - Velocimacro : error using  VM library template VM_global_library.vm : org.apache.velocity.exception.ResourceNotFoundException: Unable to find resource 'VM_global_library.vm'
2022-03-04 14:05:33,699 - Velocimacro :  VM library template macro registration complete.
2022-03-04 14:05:33,699 - Velocimacro : allowInline = true : VMs can be defined inline in templates
2022-03-04 14:05:33,699 - Velocimacro : allowInlineToOverride = false : VMs defined inline may NOT replace previous VM definitions
2022-03-04 14:05:33,699 - Velocimacro : allowInlineLocal = false : VMs defined inline will be  global in scope if allowed.
2022-03-04 14:05:33,699 - Velocimacro : messages on  : VM system will output logging messages
2022-03-04 14:05:33,699 - Velocimacro : autoload off  : VM system will not automatically reload global library macros
2022-03-04 14:05:33,699 - Velocimacro : initialization complete.
2022-03-04 14:05:33,699 - Velocity successfully started.
2022-03-04 14:18:55,733 - SimpleLog4JLogSystem initialized using logfile 'velocity.log'
2022-03-04 14:18:55,733 - ************************************************************** 
2022-03-04 14:18:55,733 - Starting Jakarta Velocity v1.4
2022-03-04 14:18:55,733 - RuntimeInstance initializing.
2022-03-04 14:18:55,733 - Default Properties File: org\apache\velocity\runtime\defaults\velocity.properties
2022-03-04 14:18:55,733 - Trying to use logger class org.apache.velocity.runtime.log.SimpleLog4JLogSystem
2022-03-04 14:18:55,733 - Using logger class org.apache.velocity.runtime.log.SimpleLog4JLogSystem
2022-03-04 14:18:55,733 - Default ResourceManager initializing. (class org.apache.velocity.runtime.resource.ResourceManagerImpl)
2022-03-04 14:18:55,733 - Resource Loader Instantiated: org.apache.velocity.runtime.resource.loader.ClasspathResourceLoader
2022-03-04 14:18:55,733 - ClasspathResourceLoader : initialization starting.
2022-03-04 14:18:55,733 - ClasspathResourceLoader : initialization complete.
2022-03-04 14:18:55,733 - ResourceCache : initialized. (class org.apache.velocity.runtime.resource.ResourceCacheImpl)
2022-03-04 14:18:55,733 - Default ResourceManager initialization complete.
2022-03-04 14:18:55,733 - Loaded System Directive: org.apache.velocity.runtime.directive.Literal
2022-03-04 14:18:55,733 - Loaded System Directive: org.apache.velocity.runtime.directive.Macro
2022-03-04 14:18:55,733 - Loaded System Directive: org.apache.velocity.runtime.directive.Parse
2022-03-04 14:18:55,733 - Loaded System Directive: org.apache.velocity.runtime.directive.Include
2022-03-04 14:18:55,733 - Loaded System Directive: org.apache.velocity.runtime.directive.Foreach
2022-03-04 14:18:55,749 - Created: 20 parsers.
2022-03-04 14:18:55,764 - Velocimacro : initialization starting.
2022-03-04 14:18:55,764 - Velocimacro : adding VMs from VM library template : VM_global_library.vm
2022-03-04 14:18:55,764 - ResourceManager : unable to find resource 'VM_global_library.vm' in any resource loader.
2022-03-04 14:18:55,764 - Velocimacro : error using  VM library template VM_global_library.vm : org.apache.velocity.exception.ResourceNotFoundException: Unable to find resource 'VM_global_library.vm'
2022-03-04 14:18:55,764 - Velocimacro :  VM library template macro registration complete.
2022-03-04 14:18:55,764 - Velocimacro : allowInline = true : VMs can be defined inline in templates
2022-03-04 14:18:55,764 - Velocimacro : allowInlineToOverride = false : VMs defined inline may NOT replace previous VM definitions
2022-03-04 14:18:55,764 - Velocimacro : allowInlineLocal = false : VMs defined inline will be  global in scope if allowed.
2022-03-04 14:18:55,764 - Velocimacro : messages on  : VM system will output logging messages
2022-03-04 14:18:55,764 - Velocimacro : autoload off  : VM system will not automatically reload global library macros
2022-03-04 14:18:55,764 - Velocimacro : initialization complete.
2022-03-04 14:18:55,764 - Velocity successfully started.
2022-03-04 14:19:19,262 - SimpleLog4JLogSystem initialized using logfile 'velocity.log'
2022-03-04 14:19:19,262 - ************************************************************** 
2022-03-04 14:19:19,262 - Starting Jakarta Velocity v1.4
2022-03-04 14:19:19,262 - RuntimeInstance initializing.
2022-03-04 14:19:19,262 - Default Properties File: org\apache\velocity\runtime\defaults\velocity.properties
2022-03-04 14:19:19,262 - Trying to use logger class org.apache.velocity.runtime.log.SimpleLog4JLogSystem
2022-03-04 14:19:19,262 - Using logger class org.apache.velocity.runtime.log.SimpleLog4JLogSystem
2022-03-04 14:19:19,264 - Default ResourceManager initializing. (class org.apache.velocity.runtime.resource.ResourceManagerImpl)
2022-03-04 14:19:19,265 - Resource Loader Instantiated: org.apache.velocity.runtime.resource.loader.ClasspathResourceLoader
2022-03-04 14:19:19,265 - ClasspathResourceLoader : initialization starting.
2022-03-04 14:19:19,265 - ClasspathResourceLoader : initialization complete.
2022-03-04 14:19:19,266 - ResourceCache : initialized. (class org.apache.velocity.runtime.resource.ResourceCacheImpl)
2022-03-04 14:19:19,266 - Default ResourceManager initialization complete.
2022-03-04 14:19:19,267 - Loaded System Directive: org.apache.velocity.runtime.directive.Literal
2022-03-04 14:19:19,268 - Loaded System Directive: org.apache.velocity.runtime.directive.Macro
2022-03-04 14:19:19,270 - Loaded System Directive: org.apache.velocity.runtime.directive.Parse
2022-03-04 14:19:19,272 - Loaded System Directive: org.apache.velocity.runtime.directive.Include
2022-03-04 14:19:19,273 - Loaded System Directive: org.apache.velocity.runtime.directive.Foreach
2022-03-04 14:19:19,287 - Created: 20 parsers.
2022-03-04 14:19:19,293 - Velocimacro : initialization starting.
2022-03-04 14:19:19,293 - Velocimacro : adding VMs from VM library template : VM_global_library.vm
2022-03-04 14:19:19,295 - ResourceManager : unable to find resource 'VM_global_library.vm' in any resource loader.
2022-03-04 14:19:19,295 - Velocimacro : error using  VM library template VM_global_library.vm : org.apache.velocity.exception.ResourceNotFoundException: Unable to find resource 'VM_global_library.vm'
2022-03-04 14:19:19,295 - Velocimacro :  VM library template macro registration complete.
2022-03-04 14:19:19,295 - Velocimacro : allowInline = true : VMs can be defined inline in templates
2022-03-04 14:19:19,295 - Velocimacro : allowInlineToOverride = false : VMs defined inline may NOT replace previous VM definitions
2022-03-04 14:19:19,295 - Velocimacro : allowInlineLocal = false : VMs defined inline will be  global in scope if allowed.
2022-03-04 14:19:19,295 - Velocimacro : messages on  : VM system will output logging messages
2022-03-04 14:19:19,295 - Velocimacro : autoload off  : VM system will not automatically reload global library macros
2022-03-04 14:19:19,295 - Velocimacro : initialization complete.
2022-03-04 14:19:19,295 - Velocity successfully started.
2022-03-04 14:34:57,383 - SimpleLog4JLogSystem initialized using logfile 'velocity.log'
2022-03-04 14:34:57,383 - ************************************************************** 
2022-03-04 14:34:57,383 - Starting Jakarta Velocity v1.4
2022-03-04 14:34:57,383 - RuntimeInstance initializing.
2022-03-04 14:34:57,383 - Default Properties File: org\apache\velocity\runtime\defaults\velocity.properties
2022-03-04 14:34:57,383 - Trying to use logger class org.apache.velocity.runtime.log.SimpleLog4JLogSystem
2022-03-04 14:34:57,383 - Using logger class org.apache.velocity.runtime.log.SimpleLog4JLogSystem
2022-03-04 14:34:57,383 - Default ResourceManager initializing. (class org.apache.velocity.runtime.resource.ResourceManagerImpl)
2022-03-04 14:34:57,383 - Resource Loader Instantiated: org.apache.velocity.runtime.resource.loader.ClasspathResourceLoader
2022-03-04 14:34:57,383 - ClasspathResourceLoader : initialization starting.
2022-03-04 14:34:57,383 - ClasspathResourceLoader : initialization complete.
2022-03-04 14:34:57,383 - ResourceCache : initialized. (class org.apache.velocity.runtime.resource.ResourceCacheImpl)
2022-03-04 14:34:57,383 - Default ResourceManager initialization complete.
2022-03-04 14:34:57,383 - Loaded System Directive: org.apache.velocity.runtime.directive.Literal
2022-03-04 14:34:57,383 - Loaded System Directive: org.apache.velocity.runtime.directive.Macro
2022-03-04 14:34:57,383 - Loaded System Directive: org.apache.velocity.runtime.directive.Parse
2022-03-04 14:34:57,383 - Loaded System Directive: org.apache.velocity.runtime.directive.Include
2022-03-04 14:34:57,383 - Loaded System Directive: org.apache.velocity.runtime.directive.Foreach
2022-03-04 14:34:57,399 - Created: 20 parsers.
2022-03-04 14:34:57,414 - Velocimacro : initialization starting.
2022-03-04 14:34:57,414 - Velocimacro : adding VMs from VM library template : VM_global_library.vm
2022-03-04 14:34:57,414 - ResourceManager : unable to find resource 'VM_global_library.vm' in any resource loader.
2022-03-04 14:34:57,414 - Velocimacro : error using  VM library template VM_global_library.vm : org.apache.velocity.exception.ResourceNotFoundException: Unable to find resource 'VM_global_library.vm'
2022-03-04 14:34:57,414 - Velocimacro :  VM library template macro registration complete.
2022-03-04 14:34:57,414 - Velocimacro : allowInline = true : VMs can be defined inline in templates
2022-03-04 14:34:57,414 - Velocimacro : allowInlineToOverride = false : VMs defined inline may NOT replace previous VM definitions
2022-03-04 14:34:57,414 - Velocimacro : allowInlineLocal = false : VMs defined inline will be  global in scope if allowed.
2022-03-04 14:34:57,414 - Velocimacro : messages on  : VM system will output logging messages
2022-03-04 14:34:57,414 - Velocimacro : autoload off  : VM system will not automatically reload global library macros
2022-03-04 14:34:57,414 - Velocimacro : initialization complete.
2022-03-04 14:34:57,414 - Velocity successfully started.
2022-03-04 14:45:06,846 - SimpleLog4JLogSystem initialized using logfile 'velocity.log'
2022-03-04 14:45:06,846 - ************************************************************** 
2022-03-04 14:45:06,846 - Starting Jakarta Velocity v1.4
2022-03-04 14:45:06,846 - RuntimeInstance initializing.
2022-03-04 14:45:06,846 - Default Properties File: org\apache\velocity\runtime\defaults\velocity.properties
2022-03-04 14:45:06,846 - Trying to use logger class org.apache.velocity.runtime.log.SimpleLog4JLogSystem
2022-03-04 14:45:06,846 - Using logger class org.apache.velocity.runtime.log.SimpleLog4JLogSystem
2022-03-04 14:45:06,846 - Default ResourceManager initializing. (class org.apache.velocity.runtime.resource.ResourceManagerImpl)
2022-03-04 14:45:06,846 - Resource Loader Instantiated: org.apache.velocity.runtime.resource.loader.ClasspathResourceLoader
2022-03-04 14:45:06,846 - ClasspathResourceLoader : initialization starting.
2022-03-04 14:45:06,846 - ClasspathResourceLoader : initialization complete.
2022-03-04 14:45:06,846 - ResourceCache : initialized. (class org.apache.velocity.runtime.resource.ResourceCacheImpl)
2022-03-04 14:45:06,846 - Default ResourceManager initialization complete.
2022-03-04 14:45:06,846 - Loaded System Directive: org.apache.velocity.runtime.directive.Literal
2022-03-04 14:45:06,846 - Loaded System Directive: org.apache.velocity.runtime.directive.Macro
2022-03-04 14:45:06,846 - Loaded System Directive: org.apache.velocity.runtime.directive.Parse
2022-03-04 14:45:06,846 - Loaded System Directive: org.apache.velocity.runtime.directive.Include
2022-03-04 14:45:06,846 - Loaded System Directive: org.apache.velocity.runtime.directive.Foreach
2022-03-04 14:45:06,861 - Created: 20 parsers.
2022-03-04 14:45:06,877 - Velocimacro : initialization starting.
2022-03-04 14:45:06,877 - Velocimacro : adding VMs from VM library template : VM_global_library.vm
2022-03-04 14:45:06,877 - ResourceManager : unable to find resource 'VM_global_library.vm' in any resource loader.
2022-03-04 14:45:06,877 - Velocimacro : error using  VM library template VM_global_library.vm : org.apache.velocity.exception.ResourceNotFoundException: Unable to find resource 'VM_global_library.vm'
2022-03-04 14:45:06,877 - Velocimacro :  VM library template macro registration complete.
2022-03-04 14:45:06,877 - Velocimacro : allowInline = true : VMs can be defined inline in templates
2022-03-04 14:45:06,877 - Velocimacro : allowInlineToOverride = false : VMs defined inline may NOT replace previous VM definitions
2022-03-04 14:45:06,877 - Velocimacro : allowInlineLocal = false : VMs defined inline will be  global in scope if allowed.
2022-03-04 14:45:06,877 - Velocimacro : messages on  : VM system will output logging messages
2022-03-04 14:45:06,877 - Velocimacro : autoload off  : VM system will not automatically reload global library macros
2022-03-04 14:45:06,877 - Velocimacro : initialization complete.
2022-03-04 14:45:06,877 - Velocity successfully started.
2022-03-04 14:52:10,619 - SimpleLog4JLogSystem initialized using logfile 'velocity.log'
2022-03-04 14:52:10,619 - ************************************************************** 
2022-03-04 14:52:10,619 - Starting Jakarta Velocity v1.4
2022-03-04 14:52:10,619 - RuntimeInstance initializing.
2022-03-04 14:52:10,619 - Default Properties File: org\apache\velocity\runtime\defaults\velocity.properties
2022-03-04 14:52:10,619 - Trying to use logger class org.apache.velocity.runtime.log.SimpleLog4JLogSystem
2022-03-04 14:52:10,619 - Using logger class org.apache.velocity.runtime.log.SimpleLog4JLogSystem
2022-03-04 14:52:10,619 - Default ResourceManager initializing. (class org.apache.velocity.runtime.resource.ResourceManagerImpl)
2022-03-04 14:52:10,625 - Resource Loader Instantiated: org.apache.velocity.runtime.resource.loader.ClasspathResourceLoader
2022-03-04 14:52:10,625 - ClasspathResourceLoader : initialization starting.
2022-03-04 14:52:10,625 - ClasspathResourceLoader : initialization complete.
2022-03-04 14:52:10,625 - ResourceCache : initialized. (class org.apache.velocity.runtime.resource.ResourceCacheImpl)
2022-03-04 14:52:10,625 - Default ResourceManager initialization complete.
2022-03-04 14:52:10,625 - Loaded System Directive: org.apache.velocity.runtime.directive.Literal
2022-03-04 14:52:10,625 - Loaded System Directive: org.apache.velocity.runtime.directive.Macro
2022-03-04 14:52:10,625 - Loaded System Directive: org.apache.velocity.runtime.directive.Parse
2022-03-04 14:52:10,625 - Loaded System Directive: org.apache.velocity.runtime.directive.Include
2022-03-04 14:52:10,625 - Loaded System Directive: org.apache.velocity.runtime.directive.Foreach
2022-03-04 14:52:10,635 - Created: 20 parsers.
2022-03-04 14:52:10,650 - Velocimacro : initialization starting.
2022-03-04 14:52:10,650 - Velocimacro : adding VMs from VM library template : VM_global_library.vm
2022-03-04 14:52:10,650 - ResourceManager : unable to find resource 'VM_global_library.vm' in any resource loader.
2022-03-04 14:52:10,650 - Velocimacro : error using  VM library template VM_global_library.vm : org.apache.velocity.exception.ResourceNotFoundException: Unable to find resource 'VM_global_library.vm'
2022-03-04 14:52:10,650 - Velocimacro :  VM library template macro registration complete.
2022-03-04 14:52:10,650 - Velocimacro : allowInline = true : VMs can be defined inline in templates
2022-03-04 14:52:10,650 - Velocimacro : allowInlineToOverride = false : VMs defined inline may NOT replace previous VM definitions
2022-03-04 14:52:10,650 - Velocimacro : allowInlineLocal = false : VMs defined inline will be  global in scope if allowed.
2022-03-04 14:52:10,650 - Velocimacro : messages on  : VM system will output logging messages
2022-03-04 14:52:10,650 - Velocimacro : autoload off  : VM system will not automatically reload global library macros
2022-03-04 14:52:10,650 - Velocimacro : initialization complete.
2022-03-04 14:52:10,650 - Velocity successfully started.
2022-03-04 14:58:46,584 - SimpleLog4JLogSystem initialized using logfile 'velocity.log'
2022-03-04 14:58:46,584 - ************************************************************** 
2022-03-04 14:58:46,584 - Starting Jakarta Velocity v1.4
2022-03-04 14:58:46,584 - RuntimeInstance initializing.
2022-03-04 14:58:46,584 - Default Properties File: org\apache\velocity\runtime\defaults\velocity.properties
2022-03-04 14:58:46,584 - Trying to use logger class org.apache.velocity.runtime.log.SimpleLog4JLogSystem
2022-03-04 14:58:46,584 - Using logger class org.apache.velocity.runtime.log.SimpleLog4JLogSystem
2022-03-04 14:58:46,584 - Default ResourceManager initializing. (class org.apache.velocity.runtime.resource.ResourceManagerImpl)
2022-03-04 14:58:46,584 - Resource Loader Instantiated: org.apache.velocity.runtime.resource.loader.ClasspathResourceLoader
2022-03-04 14:58:46,584 - ClasspathResourceLoader : initialization starting.
2022-03-04 14:58:46,584 - ClasspathResourceLoader : initialization complete.
2022-03-04 14:58:46,584 - ResourceCache : initialized. (class org.apache.velocity.runtime.resource.ResourceCacheImpl)
2022-03-04 14:58:46,584 - Default ResourceManager initialization complete.
2022-03-04 14:58:46,584 - Loaded System Directive: org.apache.velocity.runtime.directive.Literal
2022-03-04 14:58:46,596 - Loaded System Directive: org.apache.velocity.runtime.directive.Macro
2022-03-04 14:58:46,596 - Loaded System Directive: org.apache.velocity.runtime.directive.Parse
2022-03-04 14:58:46,596 - Loaded System Directive: org.apache.velocity.runtime.directive.Include
2022-03-04 14:58:46,596 - Loaded System Directive: org.apache.velocity.runtime.directive.Foreach
2022-03-04 14:58:46,612 - Created: 20 parsers.
2022-03-04 14:58:46,612 - Velocimacro : initialization starting.
2022-03-04 14:58:46,612 - Velocimacro : adding VMs from VM library template : VM_global_library.vm
2022-03-04 14:58:46,627 - ResourceManager : unable to find resource 'VM_global_library.vm' in any resource loader.
2022-03-04 14:58:46,627 - Velocimacro : error using  VM library template VM_global_library.vm : org.apache.velocity.exception.ResourceNotFoundException: Unable to find resource 'VM_global_library.vm'
2022-03-04 14:58:46,627 - Velocimacro :  VM library template macro registration complete.
2022-03-04 14:58:46,627 - Velocimacro : allowInline = true : VMs can be defined inline in templates
2022-03-04 14:58:46,627 - Velocimacro : allowInlineToOverride = false : VMs defined inline may NOT replace previous VM definitions
2022-03-04 14:58:46,627 - Velocimacro : allowInlineLocal = false : VMs defined inline will be  global in scope if allowed.
2022-03-04 14:58:46,627 - Velocimacro : messages on  : VM system will output logging messages
2022-03-04 14:58:46,627 - Velocimacro : autoload off  : VM system will not automatically reload global library macros
2022-03-04 14:58:46,627 - Velocimacro : initialization complete.
2022-03-04 14:58:46,627 - Velocity successfully started.
2022-03-04 15:05:14,351 - SimpleLog4JLogSystem initialized using logfile 'velocity.log'
2022-03-04 15:05:14,351 - ************************************************************** 
2022-03-04 15:05:14,351 - Starting Jakarta Velocity v1.4
2022-03-04 15:05:14,351 - RuntimeInstance initializing.
2022-03-04 15:05:14,351 - Default Properties File: org\apache\velocity\runtime\defaults\velocity.properties
2022-03-04 15:05:14,351 - Trying to use logger class org.apache.velocity.runtime.log.SimpleLog4JLogSystem
2022-03-04 15:05:14,351 - Using logger class org.apache.velocity.runtime.log.SimpleLog4JLogSystem
2022-03-04 15:05:14,357 - Default ResourceManager initializing. (class org.apache.velocity.runtime.resource.ResourceManagerImpl)
2022-03-04 15:05:14,357 - Resource Loader Instantiated: org.apache.velocity.runtime.resource.loader.ClasspathResourceLoader
2022-03-04 15:05:14,357 - ClasspathResourceLoader : initialization starting.
2022-03-04 15:05:14,357 - ClasspathResourceLoader : initialization complete.
2022-03-04 15:05:14,357 - ResourceCache : initialized. (class org.apache.velocity.runtime.resource.ResourceCacheImpl)
2022-03-04 15:05:14,357 - Default ResourceManager initialization complete.
2022-03-04 15:05:14,357 - Loaded System Directive: org.apache.velocity.runtime.directive.Literal
2022-03-04 15:05:14,357 - Loaded System Directive: org.apache.velocity.runtime.directive.Macro
2022-03-04 15:05:14,357 - Loaded System Directive: org.apache.velocity.runtime.directive.Parse
2022-03-04 15:05:14,357 - Loaded System Directive: org.apache.velocity.runtime.directive.Include
2022-03-04 15:05:14,357 - Loaded System Directive: org.apache.velocity.runtime.directive.Foreach
2022-03-04 15:05:14,382 - Created: 20 parsers.
2022-03-04 15:05:14,382 - Velocimacro : initialization starting.
2022-03-04 15:05:14,382 - Velocimacro : adding VMs from VM library template : VM_global_library.vm
2022-03-04 15:05:14,382 - ResourceManager : unable to find resource 'VM_global_library.vm' in any resource loader.
2022-03-04 15:05:14,382 - Velocimacro : error using  VM library template VM_global_library.vm : org.apache.velocity.exception.ResourceNotFoundException: Unable to find resource 'VM_global_library.vm'
2022-03-04 15:05:14,382 - Velocimacro :  VM library template macro registration complete.
2022-03-04 15:05:14,382 - Velocimacro : allowInline = true : VMs can be defined inline in templates
2022-03-04 15:05:14,382 - Velocimacro : allowInlineToOverride = false : VMs defined inline may NOT replace previous VM definitions
2022-03-04 15:05:14,382 - Velocimacro : allowInlineLocal = false : VMs defined inline will be  global in scope if allowed.
2022-03-04 15:05:14,382 - Velocimacro : messages on  : VM system will output logging messages
2022-03-04 15:05:14,382 - Velocimacro : autoload off  : VM system will not automatically reload global library macros
2022-03-04 15:05:14,382 - Velocimacro : initialization complete.
2022-03-04 15:05:14,382 - Velocity successfully started.
2022-03-04 15:15:46,185 - SimpleLog4JLogSystem initialized using logfile 'velocity.log'
2022-03-04 15:15:46,185 - ************************************************************** 
2022-03-04 15:15:46,185 - Starting Jakarta Velocity v1.4
2022-03-04 15:15:46,185 - RuntimeInstance initializing.
2022-03-04 15:15:46,185 - Default Properties File: org\apache\velocity\runtime\defaults\velocity.properties
2022-03-04 15:15:46,185 - Trying to use logger class org.apache.velocity.runtime.log.SimpleLog4JLogSystem
2022-03-04 15:15:46,185 - Using logger class org.apache.velocity.runtime.log.SimpleLog4JLogSystem
2022-03-04 15:15:46,185 - Default ResourceManager initializing. (class org.apache.velocity.runtime.resource.ResourceManagerImpl)
2022-03-04 15:15:46,200 - Resource Loader Instantiated: org.apache.velocity.runtime.resource.loader.ClasspathResourceLoader
2022-03-04 15:15:46,200 - ClasspathResourceLoader : initialization starting.
2022-03-04 15:15:46,200 - ClasspathResourceLoader : initialization complete.
2022-03-04 15:15:46,200 - ResourceCache : initialized. (class org.apache.velocity.runtime.resource.ResourceCacheImpl)
2022-03-04 15:15:46,200 - Default ResourceManager initialization complete.
2022-03-04 15:15:46,200 - Loaded System Directive: org.apache.velocity.runtime.directive.Literal
2022-03-04 15:15:46,200 - Loaded System Directive: org.apache.velocity.runtime.directive.Macro
2022-03-04 15:15:46,200 - Loaded System Directive: org.apache.velocity.runtime.directive.Parse
2022-03-04 15:15:46,200 - Loaded System Directive: org.apache.velocity.runtime.directive.Include
2022-03-04 15:15:46,200 - Loaded System Directive: org.apache.velocity.runtime.directive.Foreach
2022-03-04 15:15:46,232 - Created: 20 parsers.
2022-03-04 15:15:46,232 - Velocimacro : initialization starting.
2022-03-04 15:15:46,232 - Velocimacro : adding VMs from VM library template : VM_global_library.vm
2022-03-04 15:15:46,232 - ResourceManager : unable to find resource 'VM_global_library.vm' in any resource loader.
2022-03-04 15:15:46,232 - Velocimacro : error using  VM library template VM_global_library.vm : org.apache.velocity.exception.ResourceNotFoundException: Unable to find resource 'VM_global_library.vm'
2022-03-04 15:15:46,232 - Velocimacro :  VM library template macro registration complete.
2022-03-04 15:15:46,232 - Velocimacro : allowInline = true : VMs can be defined inline in templates
2022-03-04 15:15:46,232 - Velocimacro : allowInlineToOverride = false : VMs defined inline may NOT replace previous VM definitions
2022-03-04 15:15:46,232 - Velocimacro : allowInlineLocal = false : VMs defined inline will be  global in scope if allowed.
2022-03-04 15:15:46,232 - Velocimacro : messages on  : VM system will output logging messages
2022-03-04 15:15:46,232 - Velocimacro : autoload off  : VM system will not automatically reload global library macros
2022-03-04 15:15:46,232 - Velocimacro : initialization complete.
2022-03-04 15:15:46,232 - Velocity successfully started.
2022-03-04 15:22:22,088 - SimpleLog4JLogSystem initialized using logfile 'velocity.log'
2022-03-04 15:22:22,088 - ************************************************************** 
2022-03-04 15:22:22,088 - Starting Jakarta Velocity v1.4
2022-03-04 15:22:22,088 - RuntimeInstance initializing.
2022-03-04 15:22:22,088 - Default Properties File: org\apache\velocity\runtime\defaults\velocity.properties
2022-03-04 15:22:22,088 - Trying to use logger class org.apache.velocity.runtime.log.SimpleLog4JLogSystem
2022-03-04 15:22:22,088 - Using logger class org.apache.velocity.runtime.log.SimpleLog4JLogSystem
2022-03-04 15:22:22,088 - Default ResourceManager initializing. (class org.apache.velocity.runtime.resource.ResourceManagerImpl)
2022-03-04 15:22:22,088 - Resource Loader Instantiated: org.apache.velocity.runtime.resource.loader.ClasspathResourceLoader
2022-03-04 15:22:22,088 - ClasspathResourceLoader : initialization starting.
2022-03-04 15:22:22,088 - ClasspathResourceLoader : initialization complete.
2022-03-04 15:22:22,103 - ResourceCache : initialized. (class org.apache.velocity.runtime.resource.ResourceCacheImpl)
2022-03-04 15:22:22,103 - Default ResourceManager initialization complete.
2022-03-04 15:22:22,103 - Loaded System Directive: org.apache.velocity.runtime.directive.Literal
2022-03-04 15:22:22,103 - Loaded System Directive: org.apache.velocity.runtime.directive.Macro
2022-03-04 15:22:22,103 - Loaded System Directive: org.apache.velocity.runtime.directive.Parse
2022-03-04 15:22:22,103 - Loaded System Directive: org.apache.velocity.runtime.directive.Include
2022-03-04 15:22:22,103 - Loaded System Directive: org.apache.velocity.runtime.directive.Foreach
2022-03-04 15:22:22,119 - Created: 20 parsers.
2022-03-04 15:22:22,119 - Velocimacro : initialization starting.
2022-03-04 15:22:22,119 - Velocimacro : adding VMs from VM library template : VM_global_library.vm
2022-03-04 15:22:22,135 - ResourceManager : unable to find resource 'VM_global_library.vm' in any resource loader.
2022-03-04 15:22:22,135 - Velocimacro : error using  VM library template VM_global_library.vm : org.apache.velocity.exception.ResourceNotFoundException: Unable to find resource 'VM_global_library.vm'
2022-03-04 15:22:22,135 - Velocimacro :  VM library template macro registration complete.
2022-03-04 15:22:22,135 - Velocimacro : allowInline = true : VMs can be defined inline in templates
2022-03-04 15:22:22,135 - Velocimacro : allowInlineToOverride = false : VMs defined inline may NOT replace previous VM definitions
2022-03-04 15:22:22,135 - Velocimacro : allowInlineLocal = false : VMs defined inline will be  global in scope if allowed.
2022-03-04 15:22:22,135 - Velocimacro : messages on  : VM system will output logging messages
2022-03-04 15:22:22,135 - Velocimacro : autoload off  : VM system will not automatically reload global library macros
2022-03-04 15:22:22,135 - Velocimacro : initialization complete.
2022-03-04 15:22:22,135 - Velocity successfully started.
2022-03-04 15:34:38,200 - SimpleLog4JLogSystem initialized using logfile 'velocity.log'
2022-03-04 15:34:38,200 - ************************************************************** 
2022-03-04 15:34:38,200 - Starting Jakarta Velocity v1.4
2022-03-04 15:34:38,200 - RuntimeInstance initializing.
2022-03-04 15:34:38,200 - Default Properties File: org\apache\velocity\runtime\defaults\velocity.properties
2022-03-04 15:34:38,200 - Trying to use logger class org.apache.velocity.runtime.log.SimpleLog4JLogSystem
2022-03-04 15:34:38,200 - Using logger class org.apache.velocity.runtime.log.SimpleLog4JLogSystem
2022-03-04 15:34:38,215 - Default ResourceManager initializing. (class org.apache.velocity.runtime.resource.ResourceManagerImpl)
2022-03-04 15:34:38,215 - Resource Loader Instantiated: org.apache.velocity.runtime.resource.loader.ClasspathResourceLoader
2022-03-04 15:34:38,215 - ClasspathResourceLoader : initialization starting.
2022-03-04 15:34:38,215 - ClasspathResourceLoader : initialization complete.
2022-03-04 15:34:38,215 - ResourceCache : initialized. (class org.apache.velocity.runtime.resource.ResourceCacheImpl)
2022-03-04 15:34:38,215 - Default ResourceManager initialization complete.
2022-03-04 15:34:38,215 - Loaded System Directive: org.apache.velocity.runtime.directive.Literal
2022-03-04 15:34:38,215 - Loaded System Directive: org.apache.velocity.runtime.directive.Macro
2022-03-04 15:34:38,215 - Loaded System Directive: org.apache.velocity.runtime.directive.Parse
2022-03-04 15:34:38,215 - Loaded System Directive: org.apache.velocity.runtime.directive.Include
2022-03-04 15:34:38,215 - Loaded System Directive: org.apache.velocity.runtime.directive.Foreach
2022-03-04 15:34:38,231 - Created: 20 parsers.
2022-03-04 15:34:38,231 - Velocimacro : initialization starting.
2022-03-04 15:34:38,231 - Velocimacro : adding VMs from VM library template : VM_global_library.vm
2022-03-04 15:34:38,231 - ResourceManager : unable to find resource 'VM_global_library.vm' in any resource loader.
2022-03-04 15:34:38,231 - Velocimacro : error using  VM library template VM_global_library.vm : org.apache.velocity.exception.ResourceNotFoundException: Unable to find resource 'VM_global_library.vm'
2022-03-04 15:34:38,231 - Velocimacro :  VM library template macro registration complete.
2022-03-04 15:34:38,231 - Velocimacro : allowInline = true : VMs can be defined inline in templates
2022-03-04 15:34:38,231 - Velocimacro : allowInlineToOverride = false : VMs defined inline may NOT replace previous VM definitions
2022-03-04 15:34:38,231 - Velocimacro : allowInlineLocal = false : VMs defined inline will be  global in scope if allowed.
2022-03-04 15:34:38,231 - Velocimacro : messages on  : VM system will output logging messages
2022-03-04 15:34:38,231 - Velocimacro : autoload off  : VM system will not automatically reload global library macros
2022-03-04 15:34:38,231 - Velocimacro : initialization complete.
2022-03-04 15:34:38,231 - Velocity successfully started.
2022-03-04 15:41:08,723 - SimpleLog4JLogSystem initialized using logfile 'velocity.log'
2022-03-04 15:41:08,723 - ************************************************************** 
2022-03-04 15:41:08,723 - Starting Jakarta Velocity v1.4
2022-03-04 15:41:08,723 - RuntimeInstance initializing.
2022-03-04 15:41:08,723 - Default Properties File: org\apache\velocity\runtime\defaults\velocity.properties
2022-03-04 15:41:08,723 - Trying to use logger class org.apache.velocity.runtime.log.SimpleLog4JLogSystem
2022-03-04 15:41:08,723 - Using logger class org.apache.velocity.runtime.log.SimpleLog4JLogSystem
2022-03-04 15:41:08,723 - Default ResourceManager initializing. (class org.apache.velocity.runtime.resource.ResourceManagerImpl)
2022-03-04 15:41:08,723 - Resource Loader Instantiated: org.apache.velocity.runtime.resource.loader.ClasspathResourceLoader
2022-03-04 15:41:08,723 - ClasspathResourceLoader : initialization starting.
2022-03-04 15:41:08,723 - ClasspathResourceLoader : initialization complete.
2022-03-04 15:41:08,723 - ResourceCache : initialized. (class org.apache.velocity.runtime.resource.ResourceCacheImpl)
2022-03-04 15:41:08,723 - Default ResourceManager initialization complete.
2022-03-04 15:41:08,723 - Loaded System Directive: org.apache.velocity.runtime.directive.Literal
2022-03-04 15:41:08,723 - Loaded System Directive: org.apache.velocity.runtime.directive.Macro
2022-03-04 15:41:08,723 - Loaded System Directive: org.apache.velocity.runtime.directive.Parse
2022-03-04 15:41:08,723 - Loaded System Directive: org.apache.velocity.runtime.directive.Include
2022-03-04 15:41:08,738 - Loaded System Directive: org.apache.velocity.runtime.directive.Foreach
2022-03-04 15:41:08,745 - Created: 20 parsers.
2022-03-04 15:41:08,754 - Velocimacro : initialization starting.
2022-03-04 15:41:08,754 - Velocimacro : adding VMs from VM library template : VM_global_library.vm
2022-03-04 15:41:08,754 - ResourceManager : unable to find resource 'VM_global_library.vm' in any resource loader.
2022-03-04 15:41:08,754 - Velocimacro : error using  VM library template VM_global_library.vm : org.apache.velocity.exception.ResourceNotFoundException: Unable to find resource 'VM_global_library.vm'
2022-03-04 15:41:08,754 - Velocimacro :  VM library template macro registration complete.
2022-03-04 15:41:08,754 - Velocimacro : allowInline = true : VMs can be defined inline in templates
2022-03-04 15:41:08,754 - Velocimacro : allowInlineToOverride = false : VMs defined inline may NOT replace previous VM definitions
2022-03-04 15:41:08,754 - Velocimacro : allowInlineLocal = false : VMs defined inline will be  global in scope if allowed.
2022-03-04 15:41:08,754 - Velocimacro : messages on  : VM system will output logging messages
2022-03-04 15:41:08,754 - Velocimacro : autoload off  : VM system will not automatically reload global library macros
2022-03-04 15:41:08,754 - Velocimacro : initialization complete.
2022-03-04 15:41:08,754 - Velocity successfully started.
2022-03-04 16:05:19,595 - SimpleLog4JLogSystem initialized using logfile 'velocity.log'
2022-03-04 16:05:19,595 - ************************************************************** 
2022-03-04 16:05:19,595 - Starting Jakarta Velocity v1.4
2022-03-04 16:05:19,595 - RuntimeInstance initializing.
2022-03-04 16:05:19,595 - Default Properties File: org\apache\velocity\runtime\defaults\velocity.properties
2022-03-04 16:05:19,595 - Trying to use logger class org.apache.velocity.runtime.log.SimpleLog4JLogSystem
2022-03-04 16:05:19,595 - Using logger class org.apache.velocity.runtime.log.SimpleLog4JLogSystem
2022-03-04 16:05:19,595 - Default ResourceManager initializing. (class org.apache.velocity.runtime.resource.ResourceManagerImpl)
2022-03-04 16:05:19,595 - Resource Loader Instantiated: org.apache.velocity.runtime.resource.loader.ClasspathResourceLoader
2022-03-04 16:05:19,595 - ClasspathResourceLoader : initialization starting.
2022-03-04 16:05:19,595 - ClasspathResourceLoader : initialization complete.
2022-03-04 16:05:19,595 - ResourceCache : initialized. (class org.apache.velocity.runtime.resource.ResourceCacheImpl)
2022-03-04 16:05:19,595 - Default ResourceManager initialization complete.
2022-03-04 16:05:19,595 - Loaded System Directive: org.apache.velocity.runtime.directive.Literal
2022-03-04 16:05:19,595 - Loaded System Directive: org.apache.velocity.runtime.directive.Macro
2022-03-04 16:05:19,595 - Loaded System Directive: org.apache.velocity.runtime.directive.Parse
2022-03-04 16:05:19,610 - Loaded System Directive: org.apache.velocity.runtime.directive.Include
2022-03-04 16:05:19,610 - Loaded System Directive: org.apache.velocity.runtime.directive.Foreach
2022-03-04 16:05:19,626 - Created: 20 parsers.
2022-03-04 16:05:19,626 - Velocimacro : initialization starting.
2022-03-04 16:05:19,626 - Velocimacro : adding VMs from VM library template : VM_global_library.vm
2022-03-04 16:05:19,626 - ResourceManager : unable to find resource 'VM_global_library.vm' in any resource loader.
2022-03-04 16:05:19,626 - Velocimacro : error using  VM library template VM_global_library.vm : org.apache.velocity.exception.ResourceNotFoundException: Unable to find resource 'VM_global_library.vm'
2022-03-04 16:05:19,626 - Velocimacro :  VM library template macro registration complete.
2022-03-04 16:05:19,626 - Velocimacro : allowInline = true : VMs can be defined inline in templates
2022-03-04 16:05:19,626 - Velocimacro : allowInlineToOverride = false : VMs defined inline may NOT replace previous VM definitions
2022-03-04 16:05:19,626 - Velocimacro : allowInlineLocal = false : VMs defined inline will be  global in scope if allowed.
2022-03-04 16:05:19,626 - Velocimacro : messages on  : VM system will output logging messages
2022-03-04 16:05:19,626 - Velocimacro : autoload off  : VM system will not automatically reload global library macros
2022-03-04 16:05:19,626 - Velocimacro : initialization complete.
2022-03-04 16:05:19,626 - Velocity successfully started.
2022-03-04 16:20:43,927 - SimpleLog4JLogSystem initialized using logfile 'velocity.log'
2022-03-04 16:20:43,927 - ************************************************************** 
2022-03-04 16:20:43,927 - Starting Jakarta Velocity v1.4
2022-03-04 16:20:43,927 - RuntimeInstance initializing.
2022-03-04 16:20:43,927 - Default Properties File: org\apache\velocity\runtime\defaults\velocity.properties
2022-03-04 16:20:43,927 - Trying to use logger class org.apache.velocity.runtime.log.SimpleLog4JLogSystem
2022-03-04 16:20:43,927 - Using logger class org.apache.velocity.runtime.log.SimpleLog4JLogSystem
2022-03-04 16:20:43,927 - Default ResourceManager initializing. (class org.apache.velocity.runtime.resource.ResourceManagerImpl)
2022-03-04 16:20:43,927 - Resource Loader Instantiated: org.apache.velocity.runtime.resource.loader.ClasspathResourceLoader
2022-03-04 16:20:43,927 - ClasspathResourceLoader : initialization starting.
2022-03-04 16:20:43,927 - ClasspathResourceLoader : initialization complete.
2022-03-04 16:20:43,927 - ResourceCache : initialized. (class org.apache.velocity.runtime.resource.ResourceCacheImpl)
2022-03-04 16:20:43,927 - Default ResourceManager initialization complete.
2022-03-04 16:20:43,927 - Loaded System Directive: org.apache.velocity.runtime.directive.Literal
2022-03-04 16:20:43,927 - Loaded System Directive: org.apache.velocity.runtime.directive.Macro
2022-03-04 16:20:43,927 - Loaded System Directive: org.apache.velocity.runtime.directive.Parse
2022-03-04 16:20:43,927 - Loaded System Directive: org.apache.velocity.runtime.directive.Include
2022-03-04 16:20:43,927 - Loaded System Directive: org.apache.velocity.runtime.directive.Foreach
2022-03-04 16:20:43,943 - Created: 20 parsers.
2022-03-04 16:20:43,959 - Velocimacro : initialization starting.
2022-03-04 16:20:43,959 - Velocimacro : adding VMs from VM library template : VM_global_library.vm
2022-03-04 16:20:43,959 - ResourceManager : unable to find resource 'VM_global_library.vm' in any resource loader.
2022-03-04 16:20:43,959 - Velocimacro : error using  VM library template VM_global_library.vm : org.apache.velocity.exception.ResourceNotFoundException: Unable to find resource 'VM_global_library.vm'
2022-03-04 16:20:43,959 - Velocimacro :  VM library template macro registration complete.
2022-03-04 16:20:43,959 - Velocimacro : allowInline = true : VMs can be defined inline in templates
2022-03-04 16:20:43,959 - Velocimacro : allowInlineToOverride = false : VMs defined inline may NOT replace previous VM definitions
2022-03-04 16:20:43,959 - Velocimacro : allowInlineLocal = false : VMs defined inline will be  global in scope if allowed.
2022-03-04 16:20:43,959 - Velocimacro : messages on  : VM system will output logging messages
2022-03-04 16:20:43,959 - Velocimacro : autoload off  : VM system will not automatically reload global library macros
2022-03-04 16:20:43,959 - Velocimacro : initialization complete.
2022-03-04 16:20:43,959 - Velocity successfully started.
2022-03-04 16:29:40,588 - SimpleLog4JLogSystem initialized using logfile 'velocity.log'
2022-03-04 16:29:40,588 - ************************************************************** 
2022-03-04 16:29:40,588 - Starting Jakarta Velocity v1.4
2022-03-04 16:29:40,588 - RuntimeInstance initializing.
2022-03-04 16:29:40,588 - Default Properties File: org\apache\velocity\runtime\defaults\velocity.properties
2022-03-04 16:29:40,588 - Trying to use logger class org.apache.velocity.runtime.log.SimpleLog4JLogSystem
2022-03-04 16:29:40,588 - Using logger class org.apache.velocity.runtime.log.SimpleLog4JLogSystem
2022-03-04 16:29:40,588 - Default ResourceManager initializing. (class org.apache.velocity.runtime.resource.ResourceManagerImpl)
2022-03-04 16:29:40,588 - Resource Loader Instantiated: org.apache.velocity.runtime.resource.loader.ClasspathResourceLoader
2022-03-04 16:29:40,588 - ClasspathResourceLoader : initialization starting.
2022-03-04 16:29:40,588 - ClasspathResourceLoader : initialization complete.
2022-03-04 16:29:40,588 - ResourceCache : initialized. (class org.apache.velocity.runtime.resource.ResourceCacheImpl)
2022-03-04 16:29:40,588 - Default ResourceManager initialization complete.
2022-03-04 16:29:40,588 - Loaded System Directive: org.apache.velocity.runtime.directive.Literal
2022-03-04 16:29:40,603 - Loaded System Directive: org.apache.velocity.runtime.directive.Macro
2022-03-04 16:29:40,603 - Loaded System Directive: org.apache.velocity.runtime.directive.Parse
2022-03-04 16:29:40,603 - Loaded System Directive: org.apache.velocity.runtime.directive.Include
2022-03-04 16:29:40,603 - Loaded System Directive: org.apache.velocity.runtime.directive.Foreach
2022-03-04 16:29:40,619 - Created: 20 parsers.
2022-03-04 16:29:40,619 - Velocimacro : initialization starting.
2022-03-04 16:29:40,619 - Velocimacro : adding VMs from VM library template : VM_global_library.vm
2022-03-04 16:29:40,619 - ResourceManager : unable to find resource 'VM_global_library.vm' in any resource loader.
2022-03-04 16:29:40,619 - Velocimacro : error using  VM library template VM_global_library.vm : org.apache.velocity.exception.ResourceNotFoundException: Unable to find resource 'VM_global_library.vm'
2022-03-04 16:29:40,619 - Velocimacro :  VM library template macro registration complete.
2022-03-04 16:29:40,619 - Velocimacro : allowInline = true : VMs can be defined inline in templates
2022-03-04 16:29:40,619 - Velocimacro : allowInlineToOverride = false : VMs defined inline may NOT replace previous VM definitions
2022-03-04 16:29:40,619 - Velocimacro : allowInlineLocal = false : VMs defined inline will be  global in scope if allowed.
2022-03-04 16:29:40,619 - Velocimacro : messages on  : VM system will output logging messages
2022-03-04 16:29:40,619 - Velocimacro : autoload off  : VM system will not automatically reload global library macros
2022-03-04 16:29:40,619 - Velocimacro : initialization complete.
2022-03-04 16:29:40,619 - Velocity successfully started.
2022-03-04 16:45:01,961 - SimpleLog4JLogSystem initialized using logfile 'velocity.log'
2022-03-04 16:45:01,961 - ************************************************************** 
2022-03-04 16:45:01,961 - Starting Jakarta Velocity v1.4
2022-03-04 16:45:01,961 - RuntimeInstance initializing.
2022-03-04 16:45:01,961 - Default Properties File: org\apache\velocity\runtime\defaults\velocity.properties
2022-03-04 16:45:01,961 - Trying to use logger class org.apache.velocity.runtime.log.SimpleLog4JLogSystem
2022-03-04 16:45:01,961 - Using logger class org.apache.velocity.runtime.log.SimpleLog4JLogSystem
2022-03-04 16:45:01,961 - Default ResourceManager initializing. (class org.apache.velocity.runtime.resource.ResourceManagerImpl)
2022-03-04 16:45:01,976 - Resource Loader Instantiated: org.apache.velocity.runtime.resource.loader.ClasspathResourceLoader
2022-03-04 16:45:01,976 - ClasspathResourceLoader : initialization starting.
2022-03-04 16:45:01,976 - ClasspathResourceLoader : initialization complete.
2022-03-04 16:45:01,976 - ResourceCache : initialized. (class org.apache.velocity.runtime.resource.ResourceCacheImpl)
2022-03-04 16:45:01,976 - Default ResourceManager initialization complete.
2022-03-04 16:45:01,976 - Loaded System Directive: org.apache.velocity.runtime.directive.Literal
2022-03-04 16:45:01,976 - Loaded System Directive: org.apache.velocity.runtime.directive.Macro
2022-03-04 16:45:01,976 - Loaded System Directive: org.apache.velocity.runtime.directive.Parse
2022-03-04 16:45:01,976 - Loaded System Directive: org.apache.velocity.runtime.directive.Include
2022-03-04 16:45:01,976 - Loaded System Directive: org.apache.velocity.runtime.directive.Foreach
2022-03-04 16:45:01,992 - Created: 20 parsers.
2022-03-04 16:45:02,008 - Velocimacro : initialization starting.
2022-03-04 16:45:02,008 - Velocimacro : adding VMs from VM library template : VM_global_library.vm
2022-03-04 16:45:02,008 - ResourceManager : unable to find resource 'VM_global_library.vm' in any resource loader.
2022-03-04 16:45:02,008 - Velocimacro : error using  VM library template VM_global_library.vm : org.apache.velocity.exception.ResourceNotFoundException: Unable to find resource 'VM_global_library.vm'
2022-03-04 16:45:02,008 - Velocimacro :  VM library template macro registration complete.
2022-03-04 16:45:02,008 - Velocimacro : allowInline = true : VMs can be defined inline in templates
2022-03-04 16:45:02,008 - Velocimacro : allowInlineToOverride = false : VMs defined inline may NOT replace previous VM definitions
2022-03-04 16:45:02,008 - Velocimacro : allowInlineLocal = false : VMs defined inline will be  global in scope if allowed.
2022-03-04 16:45:02,008 - Velocimacro : messages on  : VM system will output logging messages
2022-03-04 16:45:02,008 - Velocimacro : autoload off  : VM system will not automatically reload global library macros
2022-03-04 16:45:02,008 - Velocimacro : initialization complete.
2022-03-04 16:45:02,008 - Velocity successfully started.
2022-03-04 17:05:32,524 - SimpleLog4JLogSystem initialized using logfile 'velocity.log'
2022-03-04 17:05:32,524 - ************************************************************** 
2022-03-04 17:05:32,524 - Starting Jakarta Velocity v1.4
2022-03-04 17:05:32,524 - RuntimeInstance initializing.
2022-03-04 17:05:32,524 - Default Properties File: org\apache\velocity\runtime\defaults\velocity.properties
2022-03-04 17:05:32,524 - Trying to use logger class org.apache.velocity.runtime.log.SimpleLog4JLogSystem
2022-03-04 17:05:32,524 - Using logger class org.apache.velocity.runtime.log.SimpleLog4JLogSystem
2022-03-04 17:05:32,524 - Default ResourceManager initializing. (class org.apache.velocity.runtime.resource.ResourceManagerImpl)
2022-03-04 17:05:32,524 - Resource Loader Instantiated: org.apache.velocity.runtime.resource.loader.ClasspathResourceLoader
2022-03-04 17:05:32,524 - ClasspathResourceLoader : initialization starting.
2022-03-04 17:05:32,524 - ClasspathResourceLoader : initialization complete.
2022-03-04 17:05:32,539 - ResourceCache : initialized. (class org.apache.velocity.runtime.resource.ResourceCacheImpl)
2022-03-04 17:05:32,539 - Default ResourceManager initialization complete.
2022-03-04 17:05:32,539 - Loaded System Directive: org.apache.velocity.runtime.directive.Literal
2022-03-04 17:05:32,539 - Loaded System Directive: org.apache.velocity.runtime.directive.Macro
2022-03-04 17:05:32,539 - Loaded System Directive: org.apache.velocity.runtime.directive.Parse
2022-03-04 17:05:32,539 - Loaded System Directive: org.apache.velocity.runtime.directive.Include
2022-03-04 17:05:32,539 - Loaded System Directive: org.apache.velocity.runtime.directive.Foreach
2022-03-04 17:05:32,555 - Created: 20 parsers.
2022-03-04 17:05:32,555 - Velocimacro : initialization starting.
2022-03-04 17:05:32,555 - Velocimacro : adding VMs from VM library template : VM_global_library.vm
2022-03-04 17:05:32,555 - ResourceManager : unable to find resource 'VM_global_library.vm' in any resource loader.
2022-03-04 17:05:32,555 - Velocimacro : error using  VM library template VM_global_library.vm : org.apache.velocity.exception.ResourceNotFoundException: Unable to find resource 'VM_global_library.vm'
2022-03-04 17:05:32,555 - Velocimacro :  VM library template macro registration complete.
2022-03-04 17:05:32,555 - Velocimacro : allowInline = true : VMs can be defined inline in templates
2022-03-04 17:05:32,555 - Velocimacro : allowInlineToOverride = false : VMs defined inline may NOT replace previous VM definitions
2022-03-04 17:05:32,555 - Velocimacro : allowInlineLocal = false : VMs defined inline will be  global in scope if allowed.
2022-03-04 17:05:32,555 - Velocimacro : messages on  : VM system will output logging messages
2022-03-04 17:05:32,555 - Velocimacro : autoload off  : VM system will not automatically reload global library macros
2022-03-04 17:05:32,555 - Velocimacro : initialization complete.
2022-03-04 17:05:32,555 - Velocity successfully started.
2025-01-08 12:12:54,961 - SimpleLog4JLogSystem initialized using logfile 'velocity.log'
2025-01-08 12:12:54,962 - ************************************************************** 
2025-01-08 12:12:54,962 - Starting Jakarta Velocity v1.4
2025-01-08 12:12:54,962 - RuntimeInstance initializing.
2025-01-08 12:12:54,962 - Default Properties File: org\apache\velocity\runtime\defaults\velocity.properties
2025-01-08 12:12:54,962 - Trying to use logger class org.apache.velocity.runtime.log.SimpleLog4JLogSystem
2025-01-08 12:12:54,962 - Using logger class org.apache.velocity.runtime.log.SimpleLog4JLogSystem
2025-01-08 12:12:54,964 - Default ResourceManager initializing. (class org.apache.velocity.runtime.resource.ResourceManagerImpl)
2025-01-08 12:12:54,966 - Resource Loader Instantiated: org.apache.velocity.runtime.resource.loader.ClasspathResourceLoader
2025-01-08 12:12:54,966 - ClasspathResourceLoader : initialization starting.
2025-01-08 12:12:54,966 - ClasspathResourceLoader : initialization complete.
2025-01-08 12:12:54,967 - ResourceCache : initialized. (class org.apache.velocity.runtime.resource.ResourceCacheImpl)
2025-01-08 12:12:54,967 - Default ResourceManager initialization complete.
2025-01-08 12:12:54,968 - Loaded System Directive: org.apache.velocity.runtime.directive.Literal
2025-01-08 12:12:54,969 - Loaded System Directive: org.apache.velocity.runtime.directive.Macro
2025-01-08 12:12:54,971 - Loaded System Directive: org.apache.velocity.runtime.directive.Parse
2025-01-08 12:12:54,972 - Loaded System Directive: org.apache.velocity.runtime.directive.Include
2025-01-08 12:12:54,972 - Loaded System Directive: org.apache.velocity.runtime.directive.Foreach
2025-01-08 12:12:54,989 - Created: 20 parsers.
2025-01-08 12:12:54,993 - Velocimacro : initialization starting.
2025-01-08 12:12:54,993 - Velocimacro : adding VMs from VM library template : VM_global_library.vm
2025-01-08 12:12:54,995 - ResourceManager : unable to find resource 'VM_global_library.vm' in any resource loader.
2025-01-08 12:12:54,995 - Velocimacro : error using  VM library template VM_global_library.vm : org.apache.velocity.exception.ResourceNotFoundException: Unable to find resource 'VM_global_library.vm'
2025-01-08 12:12:54,995 - Velocimacro :  VM library template macro registration complete.
2025-01-08 12:12:54,996 - Velocimacro : allowInline = true : VMs can be defined inline in templates
2025-01-08 12:12:54,996 - Velocimacro : allowInlineToOverride = false : VMs defined inline may NOT replace previous VM definitions
2025-01-08 12:12:54,996 - Velocimacro : allowInlineLocal = false : VMs defined inline will be  global in scope if allowed.
2025-01-08 12:12:54,996 - Velocimacro : messages on  : VM system will output logging messages
2025-01-08 12:12:54,996 - Velocimacro : autoload off  : VM system will not automatically reload global library macros
2025-01-08 12:12:54,996 - Velocimacro : initialization complete.
2025-01-08 12:12:54,996 - Velocity successfully started.
2025-01-09 11:45:55,142 - SimpleLog4JLogSystem initialized using logfile 'velocity.log'
2025-01-09 11:45:55,142 - ************************************************************** 
2025-01-09 11:45:55,142 - Starting Jakarta Velocity v1.4
2025-01-09 11:45:55,142 - RuntimeInstance initializing.
2025-01-09 11:45:55,142 - Default Properties File: org\apache\velocity\runtime\defaults\velocity.properties
2025-01-09 11:45:55,142 - Trying to use logger class org.apache.velocity.runtime.log.SimpleLog4JLogSystem
2025-01-09 11:45:55,142 - Using logger class org.apache.velocity.runtime.log.SimpleLog4JLogSystem
2025-01-09 11:45:55,146 - Default ResourceManager initializing. (class org.apache.velocity.runtime.resource.ResourceManagerImpl)
2025-01-09 11:45:55,148 - Resource Loader Instantiated: org.apache.velocity.runtime.resource.loader.ClasspathResourceLoader
2025-01-09 11:45:55,148 - ClasspathResourceLoader : initialization starting.
2025-01-09 11:45:55,148 - ClasspathResourceLoader : initialization complete.
2025-01-09 11:45:55,148 - ResourceCache : initialized. (class org.apache.velocity.runtime.resource.ResourceCacheImpl)
2025-01-09 11:45:55,148 - Default ResourceManager initialization complete.
2025-01-09 11:45:55,150 - Loaded System Directive: org.apache.velocity.runtime.directive.Literal
2025-01-09 11:45:55,150 - Loaded System Directive: org.apache.velocity.runtime.directive.Macro
2025-01-09 11:45:55,152 - Loaded System Directive: org.apache.velocity.runtime.directive.Parse
2025-01-09 11:45:55,154 - Loaded System Directive: org.apache.velocity.runtime.directive.Include
2025-01-09 11:45:55,154 - Loaded System Directive: org.apache.velocity.runtime.directive.Foreach
2025-01-09 11:45:55,170 - Created: 20 parsers.
2025-01-09 11:45:55,174 - Velocimacro : initialization starting.
2025-01-09 11:45:55,174 - Velocimacro : adding VMs from VM library template : VM_global_library.vm
2025-01-09 11:45:55,176 - ResourceManager : unable to find resource 'VM_global_library.vm' in any resource loader.
2025-01-09 11:45:55,176 - Velocimacro : error using  VM library template VM_global_library.vm : org.apache.velocity.exception.ResourceNotFoundException: Unable to find resource 'VM_global_library.vm'
2025-01-09 11:45:55,176 - Velocimacro :  VM library template macro registration complete.
2025-01-09 11:45:55,176 - Velocimacro : allowInline = true : VMs can be defined inline in templates
2025-01-09 11:45:55,176 - Velocimacro : allowInlineToOverride = false : VMs defined inline may NOT replace previous VM definitions
2025-01-09 11:45:55,176 - Velocimacro : allowInlineLocal = false : VMs defined inline will be  global in scope if allowed.
2025-01-09 11:45:55,176 - Velocimacro : messages on  : VM system will output logging messages
2025-01-09 11:45:55,176 - Velocimacro : autoload off  : VM system will not automatically reload global library macros
2025-01-09 11:45:55,176 - Velocimacro : initialization complete.
2025-01-09 11:45:55,176 - Velocity successfully started.
2025-01-09 11:51:41,262 - SimpleLog4JLogSystem initialized using logfile 'velocity.log'
2025-01-09 11:51:41,262 - ************************************************************** 
2025-01-09 11:51:41,262 - Starting Jakarta Velocity v1.4
2025-01-09 11:51:41,262 - RuntimeInstance initializing.
2025-01-09 11:51:41,262 - Default Properties File: org\apache\velocity\runtime\defaults\velocity.properties
2025-01-09 11:51:41,262 - Trying to use logger class org.apache.velocity.runtime.log.SimpleLog4JLogSystem
2025-01-09 11:51:41,262 - Using logger class org.apache.velocity.runtime.log.SimpleLog4JLogSystem
2025-01-09 11:51:41,268 - Default ResourceManager initializing. (class org.apache.velocity.runtime.resource.ResourceManagerImpl)
2025-01-09 11:51:41,268 - Resource Loader Instantiated: org.apache.velocity.runtime.resource.loader.ClasspathResourceLoader
2025-01-09 11:51:41,268 - ClasspathResourceLoader : initialization starting.
2025-01-09 11:51:41,268 - ClasspathResourceLoader : initialization complete.
2025-01-09 11:51:41,268 - ResourceCache : initialized. (class org.apache.velocity.runtime.resource.ResourceCacheImpl)
2025-01-09 11:51:41,268 - Default ResourceManager initialization complete.
2025-01-09 11:51:41,268 - Loaded System Directive: org.apache.velocity.runtime.directive.Literal
2025-01-09 11:51:41,268 - Loaded System Directive: org.apache.velocity.runtime.directive.Macro
2025-01-09 11:51:41,268 - Loaded System Directive: org.apache.velocity.runtime.directive.Parse
2025-01-09 11:51:41,268 - Loaded System Directive: org.apache.velocity.runtime.directive.Include
2025-01-09 11:51:41,268 - Loaded System Directive: org.apache.velocity.runtime.directive.Foreach
2025-01-09 11:51:41,278 - Created: 20 parsers.
2025-01-09 11:51:41,294 - Velocimacro : initialization starting.
2025-01-09 11:51:41,294 - Velocimacro : adding VMs from VM library template : VM_global_library.vm
2025-01-09 11:51:41,294 - ResourceManager : unable to find resource 'VM_global_library.vm' in any resource loader.
2025-01-09 11:51:41,294 - Velocimacro : error using  VM library template VM_global_library.vm : org.apache.velocity.exception.ResourceNotFoundException: Unable to find resource 'VM_global_library.vm'
2025-01-09 11:51:41,294 - Velocimacro :  VM library template macro registration complete.
2025-01-09 11:51:41,294 - Velocimacro : allowInline = true : VMs can be defined inline in templates
2025-01-09 11:51:41,294 - Velocimacro : allowInlineToOverride = false : VMs defined inline may NOT replace previous VM definitions
2025-01-09 11:51:41,294 - Velocimacro : allowInlineLocal = false : VMs defined inline will be  global in scope if allowed.
2025-01-09 11:51:41,294 - Velocimacro : messages on  : VM system will output logging messages
2025-01-09 11:51:41,294 - Velocimacro : autoload off  : VM system will not automatically reload global library macros
2025-01-09 11:51:41,294 - Velocimacro : initialization complete.
2025-01-09 11:51:41,294 - Velocity successfully started.
2025-01-09 11:53:35,682 - SimpleLog4JLogSystem initialized using logfile 'velocity.log'
2025-01-09 11:53:35,682 - ************************************************************** 
2025-01-09 11:53:35,682 - Starting Jakarta Velocity v1.4
2025-01-09 11:53:35,682 - RuntimeInstance initializing.
2025-01-09 11:53:35,682 - Default Properties File: org\apache\velocity\runtime\defaults\velocity.properties
2025-01-09 11:53:35,682 - Trying to use logger class org.apache.velocity.runtime.log.SimpleLog4JLogSystem
2025-01-09 11:53:35,682 - Using logger class org.apache.velocity.runtime.log.SimpleLog4JLogSystem
2025-01-09 11:53:35,682 - Default ResourceManager initializing. (class org.apache.velocity.runtime.resource.ResourceManagerImpl)
2025-01-09 11:53:35,682 - Resource Loader Instantiated: org.apache.velocity.runtime.resource.loader.ClasspathResourceLoader
2025-01-09 11:53:35,682 - ClasspathResourceLoader : initialization starting.
2025-01-09 11:53:35,682 - ClasspathResourceLoader : initialization complete.
2025-01-09 11:53:35,682 - ResourceCache : initialized. (class org.apache.velocity.runtime.resource.ResourceCacheImpl)
2025-01-09 11:53:35,682 - Default ResourceManager initialization complete.
2025-01-09 11:53:35,691 - Loaded System Directive: org.apache.velocity.runtime.directive.Literal
2025-01-09 11:53:35,691 - Loaded System Directive: org.apache.velocity.runtime.directive.Macro
2025-01-09 11:53:35,691 - Loaded System Directive: org.apache.velocity.runtime.directive.Parse
2025-01-09 11:53:35,691 - Loaded System Directive: org.apache.velocity.runtime.directive.Include
2025-01-09 11:53:35,691 - Loaded System Directive: org.apache.velocity.runtime.directive.Foreach
2025-01-09 11:53:35,698 - Created: 20 parsers.
2025-01-09 11:53:35,714 - Velocimacro : initialization starting.
2025-01-09 11:53:35,714 - Velocimacro : adding VMs from VM library template : VM_global_library.vm
2025-01-09 11:53:35,714 - ResourceManager : unable to find resource 'VM_global_library.vm' in any resource loader.
2025-01-09 11:53:35,714 - Velocimacro : error using  VM library template VM_global_library.vm : org.apache.velocity.exception.ResourceNotFoundException: Unable to find resource 'VM_global_library.vm'
2025-01-09 11:53:35,714 - Velocimacro :  VM library template macro registration complete.
2025-01-09 11:53:35,714 - Velocimacro : allowInline = true : VMs can be defined inline in templates
2025-01-09 11:53:35,714 - Velocimacro : allowInlineToOverride = false : VMs defined inline may NOT replace previous VM definitions
2025-01-09 11:53:35,714 - Velocimacro : allowInlineLocal = false : VMs defined inline will be  global in scope if allowed.
2025-01-09 11:53:35,714 - Velocimacro : messages on  : VM system will output logging messages
2025-01-09 11:53:35,714 - Velocimacro : autoload off  : VM system will not automatically reload global library macros
2025-01-09 11:53:35,714 - Velocimacro : initialization complete.
2025-01-09 11:53:35,714 - Velocity successfully started.
